2025-09-16 01:07:50 [py.warnings] WARNING: /home/zbc/PyCharmMiscProject/.venv/lib/python3.13/site-packages/scrapy/core/spidermw.py:433: ScrapyDeprecationWarning: Guazi.spiders.guazi2.GuaziSpider defines the deprecated start_requests() method. start_requests() has been deprecated in favor of a new method, start(), to support asynchronous code execution. start_requests() will stop being called in a future version of Scrapy. If you use Scrapy 2.13 or higher only, replace start_requests() with start(); note that start() is a coroutine (async def). If you need to maintain compatibility with lower Scrapy versions, when overriding start_requests() in a spider class, override start() as well; you can use super() to reuse the inherited start() implementation without copy-pasting. See the release notes of Scrapy 2.13 for details: https://docs.scrapy.org/en/2.13/news.html
  warn(

2025-09-16 01:07:50 [scrapy.core.engine] ERROR: Error while reading start items and requests: 'function' object has no attribute 'datail_page'.
Traceback (most recent call last):
  File "/home/zbc/PyCharmMiscProject/.venv/lib/python3.13/site-packages/scrapy/core/engine.py", line 200, in _process_start_next
    item_or_request = await self._start.__anext__()
                      ^^^^^^^^^^^^^^^^^^^^^^^^^^^^^
  File "/home/zbc/PyCharmMiscProject/.venv/lib/python3.13/site-packages/scrapy/spidermiddlewares/base.py", line 51, in process_start
    async for o in start:
        if (o := self._get_processed(o, None)) is not None:
            yield o
  File "/home/zbc/PyCharmMiscProject/.venv/lib/python3.13/site-packages/scrapy/spidermiddlewares/base.py", line 51, in process_start
    async for o in start:
        if (o := self._get_processed(o, None)) is not None:
            yield o
  File "/home/zbc/PyCharmMiscProject/.venv/lib/python3.13/site-packages/scrapy/spidermiddlewares/base.py", line 51, in process_start
    async for o in start:
        if (o := self._get_processed(o, None)) is not None:
            yield o
  [Previous line repeated 1 more time]
  File "/home/zbc/PyCharmMiscProject/.venv/lib/python3.13/site-packages/scrapy/spiders/__init__.py", line 133, in start
    for item_or_request in self.start_requests():
                           ~~~~~~~~~~~~~~~~~~~^^
  File "/home/zbc/PyCharmMiscProject/2-python爬虫/5/Guazi/Guazi/spiders/guazi2.py", line 17, in start_requests
    yield scrapy.Request(url=url, callback=self.parse.datail_page)
                                           ^^^^^^^^^^^^^^^^^^^^^^
AttributeError: 'function' object has no attribute 'datail_page'
Traceback (most recent call last):
  File "/home/zbc/PyCharmMiscProject/.venv/lib/python3.13/site-packages/scrapy/core/engine.py", line 200, in _process_start_next
    item_or_request = await self._start.__anext__()
                      ^^^^^^^^^^^^^^^^^^^^^^^^^^^^^
  File "/home/zbc/PyCharmMiscProject/.venv/lib/python3.13/site-packages/scrapy/spidermiddlewares/base.py", line 51, in process_start
    async for o in start:
        if (o := self._get_processed(o, None)) is not None:
            yield o
  File "/home/zbc/PyCharmMiscProject/.venv/lib/python3.13/site-packages/scrapy/spidermiddlewares/base.py", line 51, in process_start
    async for o in start:
        if (o := self._get_processed(o, None)) is not None:
            yield o
  File "/home/zbc/PyCharmMiscProject/.venv/lib/python3.13/site-packages/scrapy/spidermiddlewares/base.py", line 51, in process_start
    async for o in start:
        if (o := self._get_processed(o, None)) is not None:
            yield o
  [Previous line repeated 1 more time]
  File "/home/zbc/PyCharmMiscProject/.venv/lib/python3.13/site-packages/scrapy/spiders/__init__.py", line 133, in start
    for item_or_request in self.start_requests():
                           ~~~~~~~~~~~~~~~~~~~^^
  File "/home/zbc/PyCharmMiscProject/2-python爬虫/5/Guazi/Guazi/spiders/guazi2.py", line 17, in start_requests
    yield scrapy.Request(url=url, callback=self.parse.datail_page)
                                           ^^^^^^^^^^^^^^^^^^^^^^
AttributeError: 'function' object has no attribute 'datail_page'
